<?xml version="1.0" encoding="UTF-8"?>
<!-- Generated by org.testng.reporters.JUnitReportReporter -->
<testsuite skipped="0" hostname="LAPTOP-I1MIK5QD" name="com.usa.logintest.LoginTest" tests="1" failures="0" timestamp="17 Mar 2020 23:41:39 GMT" time="19.974" errors="0">
  <testcase name="getLoginValidation" time="19.974" classname="com.usa.logintest.LoginTest"/>
</testsuite> <!-- com.usa.logintest.LoginTest -->
