<?xml version="1.0" encoding="UTF-8"?>
<!-- Generated by org.testng.reporters.JUnitReportReporter -->
<testsuite skipped="0" hostname="LAPTOP-I1MIK5QD" name="com.usa.myrunner.MyRunner" tests="2" failures="0" timestamp="17 Mar 2020 23:41:39 GMT" time="55.446" errors="0">
  <testcase name="feature" time="20.413" classname="com.usa.myrunner.MyRunner"/>
  <testcase name="feature" time="35.033" classname="com.usa.myrunner.MyRunner"/>
</testsuite> <!-- com.usa.myrunner.MyRunner -->
