<?xml version="1.0" encoding="UTF-8"?>
<!-- Generated by org.testng.reporters.JUnitReportReporter -->
<testsuite skipped="0" hostname="LAPTOP-I1MIK5QD" name="com.usa.logintest.FindPropertyTest" tests="1" failures="0" timestamp="17 Mar 2020 23:41:39 GMT" time="31.277" errors="0">
  <testcase name="findProperties" time="31.277" classname="com.usa.logintest.FindPropertyTest"/>
</testsuite> <!-- com.usa.logintest.FindPropertyTest -->
